<?xml version="1.0" encoding="UTF-8"?>
<!-- Generated by org.testng.reporters.JUnitReportReporter -->
<testsuite hostname="DESKTOP-BG83L86" failures="0" tests="1" name="testcases.TagFolder" time="3.740" errors="0" timestamp="2023-12-14T15:20:56 IST" skipped="0">
  <testcase classname="testcases.TagFolder" name="verifyAddTagWithAuthorization" time="3.740"/>
</testsuite> <!-- testcases.TagFolder -->
