<?xml version="1.0" encoding="UTF-8"?>
<!-- Generated by org.testng.reporters.JUnitReportReporter -->
<testsuite hostname="DESKTOP-BG83L86" failures="0" tests="1" name="testcases.DesignationFolder" time="2.889" errors="0" timestamp="2023-12-14T15:31:02 IST" skipped="0">
  <testcase classname="testcases.DesignationFolder" name="verifyAddDesignationWithAuthorization" time="2.889"/>
</testsuite> <!-- testcases.DesignationFolder -->
