<?xml version="1.0" encoding="UTF-8"?>
<!-- Generated by org.testng.reporters.JUnitReportReporter -->
<testsuite hostname="DESKTOP-BG83L86" failures="0" tests="12" name="testcases.RegularTaskFolder" time="7.671" errors="0" timestamp="2023-12-16T11:51:59 IST" skipped="0">
  <testcase classname="testcases.RegularTaskFolder" name="verifyAddRegularTaskWithoutAuthorization" time="0.879"/>
  <testcase classname="testcases.RegularTaskFolder" name="verifyGetAllRegularTaskForEmployeeWithoutAuthorization" time="0.032"/>
  <testcase classname="testcases.RegularTaskFolder" name="verifyUpdateRegularTaskWithoutAuthorization" time="0.041"/>
  <testcase classname="testcases.RegularTaskFolder" name="deleteSingleStatusWithoutAuthorization" time="0.058"/>
  <testcase classname="testcases.RegularTaskFolder" name="verifyAddRegularTaskWithAuthorization" time="1.516"/>
  <testcase classname="testcases.RegularTaskFolder" name="addRegularTaskWithSamePayloadAsPrevious" time="1.050"/>
  <testcase classname="testcases.RegularTaskFolder" name="addRegularTaskWithInvalidPayload" time="0.586"/>
  <testcase classname="testcases.RegularTaskFolder" name="verifyGetAllRegularTaskWithInvalidEmployeeId" time="0.585"/>
  <testcase classname="testcases.RegularTaskFolder" name="verifyGetAllRegularTaskWithAuthorization" time="1.348"/>
  <testcase classname="testcases.RegularTaskFolder" name="updateStatusWithoutGivingRegularTaskId" time="0.518"/>
  <testcase classname="testcases.RegularTaskFolder" name="updateStatusByGivingNonExistingRegularTaskId" time="0.601"/>
  <testcase classname="testcases.RegularTaskFolder" name="deleteSingleRegularTaskWithInvalidRegularTaskId" time="0.457"/>
</testsuite> <!-- testcases.RegularTaskFolder -->
