<?xml version="1.0" encoding="UTF-8"?>
<!-- Generated by org.testng.reporters.JUnitReportReporter -->
<testsuite hostname="DESKTOP-BG83L86" failures="0" tests="1" name="testcases.RoleFolder" time="2.163" errors="0" timestamp="2023-12-14T17:04:10 IST" skipped="0">
  <testcase classname="testcases.RoleFolder" name="verifyGetAllRoleWithAuthorization" time="2.163"/>
</testsuite> <!-- testcases.RoleFolder -->
