<?xml version="1.0" encoding="UTF-8"?>
<!-- Generated by org.testng.reporters.JUnitReportReporter -->
<testsuite hostname="DESKTOP-BG83L86" failures="0" tests="12" name="testcases.DesignationFolder" time="3.635" errors="0" timestamp="2023-12-16T10:31:57 IST" skipped="0">
  <testcase classname="testcases.DesignationFolder" name="verifyAddDesignationWithoutAuthorization" time="0.017"/>
  <testcase classname="testcases.DesignationFolder" name="verifyGetAllDesignationWithoutAuthorization" time="0.017"/>
  <testcase classname="testcases.DesignationFolder" name="updateDesignationWithoutAuthorization" time="0.051"/>
  <testcase classname="testcases.DesignationFolder" name="deleteSingleDesignationWithoutAuthorization" time="0.022"/>
  <testcase classname="testcases.DesignationFolder" name="verifyAddDesignationWithAuthorization" time="0.771"/>
  <testcase classname="testcases.DesignationFolder" name="addDesignationWithInvalidPayload" time="0.382"/>
  <testcase classname="testcases.DesignationFolder" name="addDesignationWithSamePayloadAsPrevious" time="0.398"/>
  <testcase classname="testcases.DesignationFolder" name="verifyGetAllDesignationWithAuthorization" time="0.392"/>
  <testcase classname="testcases.DesignationFolder" name="updateDesignationWithAuthorization" time="0.383"/>
  <testcase classname="testcases.DesignationFolder" name="updateDesignationWithoutGivingDesignationId" time="0.399"/>
  <testcase classname="testcases.DesignationFolder" name="updateDesignationByGivingNonExistingDesignationId" time="0.385"/>
  <testcase classname="testcases.DesignationFolder" name="deleteSingleDesignationWithInvalidDesignationName" time="0.418"/>
</testsuite> <!-- testcases.DesignationFolder -->
