<?xml version="1.0" encoding="UTF-8"?>
<!-- Generated by org.testng.reporters.JUnitReportReporter -->
<testsuite hostname="DESKTOP-BG83L86" failures="0" tests="13" name="testcases.StatusFolder" time="4.031" errors="0" timestamp="2023-12-16T10:31:57 IST" skipped="0">
  <testcase classname="testcases.StatusFolder" name="verifyAddStatusWithoutAuthorization" time="0.021"/>
  <testcase classname="testcases.StatusFolder" name="verifyGetAllStatusWithoutAuthorization" time="0.019"/>
  <testcase classname="testcases.StatusFolder" name="verifyUpdateStatusWithoutAuthorization" time="0.018"/>
  <testcase classname="testcases.StatusFolder" name="deleteSingleStatusWithoutAuthorization" time="0.028"/>
  <testcase classname="testcases.StatusFolder" name="verifyAddStatusWithAuthorization" time="0.847"/>
  <testcase classname="testcases.StatusFolder" name="addStatusWithSamePayloadAsPrevious" time="0.394"/>
  <testcase classname="testcases.StatusFolder" name="addStatusWithInvalidPayload" time="0.394"/>
  <testcase classname="testcases.StatusFolder" name="addStatusWithSameStatusLevelInPayloadAsPrevious" time="0.402"/>
  <testcase classname="testcases.StatusFolder" name="verifyGetAllStatusWithAuthorization" time="0.367"/>
  <testcase classname="testcases.StatusFolder" name="updateStatusWithAuthorization" time="0.367"/>
  <testcase classname="testcases.StatusFolder" name="updateStatusWithoutGivingStatusId" time="0.411"/>
  <testcase classname="testcases.StatusFolder" name="updateStatusByGivingNonExistingStatusId" time="0.389"/>
  <testcase classname="testcases.StatusFolder" name="deleteSingleStatusWithInvalidStatusName" time="0.374"/>
</testsuite> <!-- testcases.StatusFolder -->
