<?xml version="1.0" encoding="UTF-8"?>
<!-- Generated by org.testng.reporters.JUnitReportReporter -->
<testsuite hostname="DESKTOP-BG83L86" failures="0" tests="3" name="testcases.TaskModule" time="8.426" errors="0" timestamp="2023-11-30T15:11:45 IST" skipped="0">
  <testcase classname="testcases.TaskModule" name="addStatus" time="8.271"/>
  <testcase classname="testcases.TaskModule" name="addPriority" time="0.098"/>
  <testcase classname="testcases.TaskModule" name="getPriority" time="0.057"/>
</testsuite> <!-- testcases.TaskModule -->
