<?xml version="1.0" encoding="UTF-8"?>
<!-- Generated by org.testng.reporters.JUnitReportReporter -->
<testsuite hostname="DESKTOP-BG83L86" failures="0" tests="7" name="testcases.ProjectFolder" time="3.417" errors="0" timestamp="2023-12-16T10:31:57 IST" skipped="0">
  <testcase classname="testcases.ProjectFolder" name="verifyAddProjectWithoutAuthorization" time="0.792"/>
  <testcase classname="testcases.ProjectFolder" name="verifyGetAllProjectWithoutAuthorization" time="0.035"/>
  <testcase classname="testcases.ProjectFolder" name="verifyAddProjectWithAuthorization" time="0.493"/>
  <testcase classname="testcases.ProjectFolder" name="addProjectWithSamePayloadAsPrevious" time="0.402"/>
  <testcase classname="testcases.ProjectFolder" name="addProjectWithInvalidPayload" time="0.897"/>
  <testcase classname="testcases.ProjectFolder" name="addProjectWithoutGivingProjectStartDateInPayload" time="0.421"/>
  <testcase classname="testcases.ProjectFolder" name="verifyGetAllProjectWithAuthorization" time="0.377"/>
</testsuite> <!-- testcases.ProjectFolder -->
