<?xml version="1.0" encoding="UTF-8"?>
<!-- Generated by org.testng.reporters.JUnitReportReporter -->
<testsuite hostname="DESKTOP-BG83L86" failures="0" tests="1" name="testcases.StatusFolder" time="4.287" errors="0" timestamp="2023-12-16T14:20:12 IST" skipped="0">
  <testcase classname="testcases.StatusFolder" name="addStatusWithSameStatusLevelInPayloadAsPrevious" time="4.287"/>
</testsuite> <!-- testcases.StatusFolder -->
