<?xml version="1.0" encoding="UTF-8"?>
<!-- Generated by org.testng.reporters.JUnitReportReporter -->
<testsuite hostname="DESKTOP-BG83L86" failures="0" tests="1" name="testcases.RegularTaskFolder" time="4.283" errors="0" timestamp="2023-12-16T14:29:54 IST" skipped="0">
  <testcase classname="testcases.RegularTaskFolder" name="verifyGetAllRegularTaskWithAuthorization" time="4.283"/>
</testsuite> <!-- testcases.RegularTaskFolder -->
