<?xml version="1.0" encoding="UTF-8"?>
<!-- Generated by org.testng.reporters.JUnitReportReporter -->
<testsuite hostname="DESKTOP-BG83L86" failures="0" tests="1" name="testcases.StatusFolder" time="3.024" errors="0" timestamp="2023-12-16T12:17:03 IST" skipped="0">
  <testcase classname="testcases.StatusFolder" name="verifyAddStatusWithAuthorization" time="3.024"/>
</testsuite> <!-- testcases.StatusFolder -->
