<?xml version="1.0" encoding="UTF-8"?>
<!-- Generated by org.testng.reporters.JUnitReportReporter -->
<testsuite hostname="DESKTOP-BG83L86" failures="0" tests="1" name="testcases.RegularTaskFolder" time="2.361" errors="0" timestamp="2023-12-16T13:58:36 IST" skipped="0">
  <testcase classname="testcases.RegularTaskFolder" name="verifyAddRegularTaskWithAuthorization" time="2.361"/>
</testsuite> <!-- testcases.RegularTaskFolder -->
