<?xml version="1.0" encoding="UTF-8"?>
<!-- Generated by org.testng.reporters.JUnitReportReporter -->
<testsuite hostname="DESKTOP-BG83L86" failures="0" tests="1" name="testcases.DesignationFolder" time="1.771" errors="0" timestamp="2023-12-15T17:35:46 IST" skipped="0">
  <testcase classname="testcases.DesignationFolder" name="deleteSingleDesignationWithInvalidDesignationName" time="1.771"/>
</testsuite> <!-- testcases.DesignationFolder -->
