<?xml version="1.0" encoding="UTF-8"?>
<!-- Generated by org.testng.reporters.JUnitReportReporter -->
<testsuite hostname="DESKTOP-BG83L86" failures="0" tests="1" name="testcases.DesignationFolder" time="3.084" errors="0" timestamp="2023-12-16T12:21:03 IST" skipped="0">
  <testcase classname="testcases.DesignationFolder" name="verifyAddDesignationWithAuthorization" time="3.084"/>
</testsuite> <!-- testcases.DesignationFolder -->
