<?xml version="1.0" encoding="UTF-8"?>
<!-- Generated by org.testng.reporters.JUnitReportReporter -->
<testsuite hostname="DESKTOP-BG83L86" failures="0" tests="1" name="testcases.PriorityFolder" time="1.875" errors="0" timestamp="2023-12-15T17:41:51 IST" skipped="0">
  <testcase classname="testcases.PriorityFolder" name="updatePriorityWithAuthorization" time="1.875"/>
</testsuite> <!-- testcases.PriorityFolder -->
