<?xml version="1.0" encoding="UTF-8"?>
<!-- Generated by org.testng.reporters.JUnitReportReporter -->
<testsuite hostname="DESKTOP-BG83L86" failures="0" tests="7" name="testcases.ProjectFolder" time="4.120" errors="0" timestamp="2023-12-16T09:38:32 IST" skipped="0">
  <testcase classname="testcases.ProjectFolder" name="verifyAddProjectWithoutAuthorization" time="0.980"/>
  <testcase classname="testcases.ProjectFolder" name="verifyGetAllProjectWithoutAuthorization" time="0.047"/>
  <testcase classname="testcases.ProjectFolder" name="verifyAddProjectWithAuthorization" time="0.707"/>
  <testcase classname="testcases.ProjectFolder" name="addProjectWithSamePayloadAsPrevious" time="0.460"/>
  <testcase classname="testcases.ProjectFolder" name="addProjectWithInvalidPayload" time="1.086"/>
  <testcase classname="testcases.ProjectFolder" name="addProjectWithoutGivingProjectStartDateInPayload" time="0.428"/>
  <testcase classname="testcases.ProjectFolder" name="verifyGetAllProjectWithAuthorization" time="0.412"/>
</testsuite> <!-- testcases.ProjectFolder -->
