<?xml version="1.0" encoding="UTF-8"?>
<!-- Generated by org.testng.reporters.JUnitReportReporter -->
<testsuite hostname="DESKTOP-BG83L86" failures="0" tests="13" name="testcases.RegularTaskFolder" time="7.056" errors="0" timestamp="2023-12-15T17:25:48 IST" skipped="0">
  <testcase classname="testcases.RegularTaskFolder" name="verifyAddRegularTaskWithoutAuthorization" time="0.755"/>
  <testcase classname="testcases.RegularTaskFolder" name="verifyGetAllRegularTaskForEmployeeWithoutAuthorization" time="0.032"/>
  <testcase classname="testcases.RegularTaskFolder" name="verifyUpdateRegularTaskWithoutAuthorization" time="0.031"/>
  <testcase classname="testcases.RegularTaskFolder" name="deleteSingleStatusWithoutAuthorization" time="0.025"/>
  <testcase classname="testcases.RegularTaskFolder" name="verifyAddRegularTaskWithAuthorization" time="1.368"/>
  <testcase classname="testcases.RegularTaskFolder" name="addRegularTaskWithSamePayloadAsPrevious" time="0.941"/>
  <testcase classname="testcases.RegularTaskFolder" name="addRegularTaskWithInvalidPayload" time="0.568"/>
  <testcase classname="testcases.RegularTaskFolder" name="verifyGetAllRegularTaskWithAuthorization" time="0.546"/>
  <testcase classname="testcases.RegularTaskFolder" name="verifyGetAllRegularTaskWithInvalidEmployeeId" time="0.576"/>
  <testcase classname="testcases.RegularTaskFolder" name="verifyUpdateRegularTaskWithAuthorization" time="0.529"/>
  <testcase classname="testcases.RegularTaskFolder" name="updateStatusWithoutGivingRegularTaskId" time="0.520"/>
  <testcase classname="testcases.RegularTaskFolder" name="updateStatusByGivingNonExistingRegularTaskId" time="0.640"/>
  <testcase classname="testcases.RegularTaskFolder" name="deleteSingleRegularTaskWithInvalidRegularTaskId" time="0.525"/>
</testsuite> <!-- testcases.RegularTaskFolder -->
