<?xml version="1.0" encoding="UTF-8"?>
<!-- Generated by org.testng.reporters.JUnitReportReporter -->
<testsuite hostname="DESKTOP-BG83L86" failures="0" tests="1" name="testcases.ProjectFolder" time="1.873" errors="0" timestamp="2023-12-15T16:12:41 IST" skipped="0">
  <testcase classname="testcases.ProjectFolder" name="verifyGetAllProjectWithAuthorization" time="1.873"/>
</testsuite> <!-- testcases.ProjectFolder -->
