<?xml version="1.0" encoding="UTF-8"?>
<!-- Generated by org.testng.reporters.JUnitReportReporter -->
<testsuite hostname="DESKTOP-BG83L86" failures="0" tests="1" name="testcases.TagFolder" time="1.991" errors="0" timestamp="2023-12-15T17:44:20 IST" skipped="0">
  <testcase classname="testcases.TagFolder" name="updateTagWithAuthorization" time="1.991"/>
</testsuite> <!-- testcases.TagFolder -->
