<?xml version="1.0" encoding="UTF-8"?>
<!-- Generated by org.testng.reporters.JUnitReportReporter -->
<testsuite hostname="DESKTOP-BG83L86" failures="0" tests="1" name="testcases.StatusFolder" time="2.218" errors="0" timestamp="2023-12-14T17:05:34 IST" skipped="0">
  <testcase classname="testcases.StatusFolder" name="verifyGetAllStatusWithAuthorization" time="2.218"/>
</testsuite> <!-- testcases.StatusFolder -->
