<?xml version="1.0" encoding="UTF-8"?>
<!-- Generated by org.testng.reporters.JUnitReportReporter -->
<testsuite hostname="DESKTOP-BG83L86" failures="0" tests="12" name="testcases.TagFolder" time="4.261" errors="0" timestamp="2023-12-16T10:31:57 IST" skipped="0">
  <testcase classname="testcases.TagFolder" name="verifyAddTagWithoutAuthorization" time="0.017"/>
  <testcase classname="testcases.TagFolder" name="verifyGetAllTagWithoutAuthorization" time="0.017"/>
  <testcase classname="testcases.TagFolder" name="updateTagWithoutAuthorization" time="0.055"/>
  <testcase classname="testcases.TagFolder" name="deleteSingleTagWithoutAuthorization" time="0.025"/>
  <testcase classname="testcases.TagFolder" name="verifyAddTagWithAuthorization" time="0.920"/>
  <testcase classname="testcases.TagFolder" name="addTagWithSamePayloadAsPrevious" time="0.497"/>
  <testcase classname="testcases.TagFolder" name="addTagWithInvalidPayload" time="0.427"/>
  <testcase classname="testcases.TagFolder" name="verifyGetAllTagWithAuthorization" time="0.397"/>
  <testcase classname="testcases.TagFolder" name="updateTagWithAuthorization" time="0.439"/>
  <testcase classname="testcases.TagFolder" name="updateTagWithoutGivingTagId" time="0.447"/>
  <testcase classname="testcases.TagFolder" name="updateTagByGivingNonExistingTagId" time="0.515"/>
  <testcase classname="testcases.TagFolder" name="deleteSingleTagWithInvalidTagName" time="0.505"/>
</testsuite> <!-- testcases.TagFolder -->
