<?xml version="1.0" encoding="UTF-8"?>
<!-- Generated by org.testng.reporters.JUnitReportReporter -->
<testsuite hostname="DESKTOP-BG83L86" failures="0" tests="1" name="testcases.RoleFolder" time="1.756" errors="0" timestamp="2023-12-15T17:48:24 IST" skipped="0">
  <testcase classname="testcases.RoleFolder" name="getRoleByLevelWithInvalidRoleLevel" time="1.756"/>
</testsuite> <!-- testcases.RoleFolder -->
