<?xml version="1.0" encoding="UTF-8"?>
<!-- Generated by org.testng.reporters.JUnitReportReporter -->
<testsuite hostname="DESKTOP-BG83L86" failures="0" tests="1" name="testcases.StatusFolder" time="1.855" errors="0" timestamp="2023-12-15T17:38:45 IST" skipped="0">
  <testcase classname="testcases.StatusFolder" name="deleteSingleStatusWithInvalidStatusName" time="1.855"/>
</testsuite> <!-- testcases.StatusFolder -->
