<?xml version="1.0" encoding="UTF-8"?>
<!-- Generated by org.testng.reporters.JUnitReportReporter -->
<testsuite hostname="DESKTOP-BG83L86" failures="0" tests="7" name="testcases.ProjectFolder" time="6.891" errors="0" timestamp="2023-12-16T10:10:40 IST" skipped="0">
  <testcase classname="testcases.ProjectFolder" name="verifyAddProjectWithoutAuthorization" time="1.945"/>
  <testcase classname="testcases.ProjectFolder" name="verifyGetAllProjectWithoutAuthorization" time="0.049"/>
  <testcase classname="testcases.ProjectFolder" name="verifyAddProjectWithAuthorization" time="1.029"/>
  <testcase classname="testcases.ProjectFolder" name="addProjectWithSamePayloadAsPrevious" time="0.425"/>
  <testcase classname="testcases.ProjectFolder" name="addProjectWithInvalidPayload" time="2.567"/>
  <testcase classname="testcases.ProjectFolder" name="addProjectWithoutGivingProjectStartDateInPayload" time="0.474"/>
  <testcase classname="testcases.ProjectFolder" name="verifyGetAllProjectWithAuthorization" time="0.402"/>
</testsuite> <!-- testcases.ProjectFolder -->
