<?xml version="1.0" encoding="UTF-8"?>
<!-- Generated by org.testng.reporters.JUnitReportReporter -->
<testsuite hostname="DESKTOP-BG83L86" failures="0" tests="7" name="testcases.ProjectFolder" time="4.623" errors="0" timestamp="2023-12-16T12:07:23 IST" skipped="0">
  <testcase classname="testcases.ProjectFolder" name="verifyAddProjectWithoutAuthorization" time="1.013"/>
  <testcase classname="testcases.ProjectFolder" name="verifyGetAllProjectWithoutAuthorization" time="0.056"/>
  <testcase classname="testcases.ProjectFolder" name="verifyAddProjectWithAuthorization" time="0.723"/>
  <testcase classname="testcases.ProjectFolder" name="addProjectWithSamePayloadAsPrevious" time="0.686"/>
  <testcase classname="testcases.ProjectFolder" name="addProjectWithInvalidPayload" time="1.299"/>
  <testcase classname="testcases.ProjectFolder" name="addProjectWithoutGivingProjectStartDateInPayload" time="0.390"/>
  <testcase classname="testcases.ProjectFolder" name="verifyGetAllProjectWithAuthorization" time="0.456"/>
</testsuite> <!-- testcases.ProjectFolder -->
