<?xml version="1.0" encoding="UTF-8"?>
<!-- Generated by org.testng.reporters.JUnitReportReporter -->
<testsuite hostname="DESKTOP-BG83L86" failures="0" tests="13" name="testcases.RegularTaskFolder" time="4.330" errors="0" timestamp="2023-12-16T10:10:40 IST" skipped="0">
  <testcase classname="testcases.RegularTaskFolder" name="verifyAddRegularTaskWithoutAuthorization" time="0.032"/>
  <testcase classname="testcases.RegularTaskFolder" name="verifyGetAllRegularTaskForEmployeeWithoutAuthorization" time="0.024"/>
  <testcase classname="testcases.RegularTaskFolder" name="verifyUpdateRegularTaskWithoutAuthorization" time="0.027"/>
  <testcase classname="testcases.RegularTaskFolder" name="deleteSingleStatusWithoutAuthorization" time="0.022"/>
  <testcase classname="testcases.RegularTaskFolder" name="verifyAddRegularTaskWithAuthorization" time="0.900"/>
  <testcase classname="testcases.RegularTaskFolder" name="addRegularTaskWithSamePayloadAsPrevious" time="0.446"/>
  <testcase classname="testcases.RegularTaskFolder" name="addRegularTaskWithInvalidPayload" time="0.392"/>
  <testcase classname="testcases.RegularTaskFolder" name="verifyGetAllRegularTaskWithInvalidEmployeeId" time="0.393"/>
  <testcase classname="testcases.RegularTaskFolder" name="verifyGetAllRegularTaskWithAuthorization" time="0.383"/>
  <testcase classname="testcases.RegularTaskFolder" name="verifyUpdateRegularTaskWithAuthorization" time="0.387"/>
  <testcase classname="testcases.RegularTaskFolder" name="updateStatusWithoutGivingRegularTaskId" time="0.386"/>
  <testcase classname="testcases.RegularTaskFolder" name="updateStatusByGivingNonExistingRegularTaskId" time="0.478"/>
  <testcase classname="testcases.RegularTaskFolder" name="deleteSingleRegularTaskWithInvalidRegularTaskId" time="0.460"/>
</testsuite> <!-- testcases.RegularTaskFolder -->
