<?xml version="1.0" encoding="UTF-8"?>
<!-- Generated by org.testng.reporters.JUnitReportReporter -->
<testsuite hostname="DESKTOP-BG83L86" failures="0" tests="12" name="testcases.StatusFolder" time="4.368" errors="0" timestamp="2023-12-16T12:07:23 IST" skipped="0">
  <testcase classname="testcases.StatusFolder" name="verifyAddStatusWithoutAuthorization" time="0.045"/>
  <testcase classname="testcases.StatusFolder" name="verifyGetAllStatusWithoutAuthorization" time="0.026"/>
  <testcase classname="testcases.StatusFolder" name="verifyUpdateStatusWithoutAuthorization" time="0.028"/>
  <testcase classname="testcases.StatusFolder" name="deleteSingleStatusWithoutAuthorization" time="0.042"/>
  <testcase classname="testcases.StatusFolder" name="verifyAddStatusWithAuthorization" time="0.984"/>
  <testcase classname="testcases.StatusFolder" name="addStatusWithSamePayloadAsPrevious" time="0.402"/>
  <testcase classname="testcases.StatusFolder" name="addStatusWithInvalidPayload" time="0.402"/>
  <testcase classname="testcases.StatusFolder" name="addStatusWithSameStatusLevelInPayloadAsPrevious" time="0.409"/>
  <testcase classname="testcases.StatusFolder" name="verifyGetAllStatusWithAuthorization" time="0.797"/>
  <testcase classname="testcases.StatusFolder" name="updateStatusWithoutGivingStatusId" time="0.373"/>
  <testcase classname="testcases.StatusFolder" name="updateStatusByGivingNonExistingStatusId" time="0.476"/>
  <testcase classname="testcases.StatusFolder" name="deleteSingleStatusWithInvalidStatusName" time="0.384"/>
</testsuite> <!-- testcases.StatusFolder -->
