<?xml version="1.0" encoding="UTF-8"?>
<!-- Generated by org.testng.reporters.JUnitReportReporter -->
<testsuite hostname="DESKTOP-BG83L86" failures="0" tests="11" name="testcases.PriorityFolder" time="3.711" errors="0" timestamp="2023-12-15T11:05:20 IST" skipped="0">
  <testcase classname="testcases.PriorityFolder" name="verifyAddPriorityWithoutAuthorization" time="0.022"/>
  <testcase classname="testcases.PriorityFolder" name="verifyGetAllPriorityWithoutAuthorization" time="0.023"/>
  <testcase classname="testcases.PriorityFolder" name="updatePriorityWithoutAuthorization" time="0.030"/>
  <testcase classname="testcases.PriorityFolder" name="verifyAddPriorityWithAuthorization" time="0.808"/>
  <testcase classname="testcases.PriorityFolder" name="addPriorityWithSamePayloadAsPrevious" time="0.444"/>
  <testcase classname="testcases.PriorityFolder" name="addPriorityWithInvalidPayload" time="0.404"/>
  <testcase classname="testcases.PriorityFolder" name="verifyGetAllPriorityWithAuthorization" time="0.380"/>
  <testcase classname="testcases.PriorityFolder" name="updatePriorityWithAuthorization" time="0.402"/>
  <testcase classname="testcases.PriorityFolder" name="updatePriorityWithoutGivingPriorityId" time="0.408"/>
  <testcase classname="testcases.PriorityFolder" name="updatePriorityByGivingNonExistingPriorityId" time="0.389"/>
  <testcase classname="testcases.PriorityFolder" name="deleteSinglePriorityWithInvalidPriorityName" time="0.401"/>
</testsuite> <!-- testcases.PriorityFolder -->
