<?xml version="1.0" encoding="UTF-8"?>
<!-- Generated by org.testng.reporters.JUnitReportReporter -->
<testsuite hostname="DESKTOP-BG83L86" failures="1" tests="15" name="testcases.RoleFolder" time="4.412" errors="0" timestamp="2023-12-15T11:05:20 IST" skipped="0">
  <testcase classname="testcases.RoleFolder" name="verifyAddRoleWithoutAuthorization" time="0.026"/>
  <testcase classname="testcases.RoleFolder" name="verifyGetAllRoleWithoutAuthorization" time="0.021"/>
  <testcase classname="testcases.RoleFolder" name="updateRoleWithoutAuthorization" time="0.028"/>
  <testcase classname="testcases.RoleFolder" name="deleteSingleRoleWithoutAuthorization" time="0.021"/>
  <testcase classname="testcases.RoleFolder" name="getRoleByLevelWithoutAuthorization" time="0.024"/>
  <testcase classname="testcases.RoleFolder" name="verifyAddRoleWithAuthorization" time="0.383"/>
  <testcase classname="testcases.RoleFolder" name="addRoleWithSamePayloadAsPrevious" time="0.376"/>
  <testcase classname="testcases.RoleFolder" name="addRoleWithInvalidPayload" time="0.409"/>
  <testcase classname="testcases.RoleFolder" name="verifyGetAllRoleWithAuthorization" time="0.775"/>
  <testcase classname="testcases.RoleFolder" name="updateRoleWithAuthorization" time="0.372"/>
  <testcase classname="testcases.RoleFolder" name="updateRoleWithoutGivingRoleId" time="0.412"/>
  <testcase classname="testcases.RoleFolder" name="updateRoleByGivingNonExistingRoleId" time="0.414"/>
  <testcase classname="testcases.RoleFolder" name="deleteSingleRoleWithInvalidRoleId" time="0.412"/>
  <testcase classname="testcases.RoleFolder" name="getRoleByLevelWithAuthorization" time="0.370">
    <failure message="Invalid status code expected [200] but found [404]" type="java.lang.AssertionError">
      <![CDATA[java.lang.AssertionError: Invalid status code expected [200] but found [404]
at org.testng.Assert.fail(Assert.java:111)
at org.testng.Assert.failNotEquals(Assert.java:1578)
at org.testng.Assert.assertEqualsImpl(Assert.java:150)
at org.testng.Assert.assertEquals(Assert.java:132)
at org.testng.Assert.assertEquals(Assert.java:1419)
at org.testng.Assert.assertEquals(Assert.java:1383)
at testcases.RoleFolder.getRoleByLevelWithAuthorization(RoleFolder.java:404)
at java.base/jdk.internal.reflect.NativeMethodAccessorImpl.invoke0(Native Method)
at java.base/jdk.internal.reflect.NativeMethodAccessorImpl.invoke(NativeMethodAccessorImpl.java:77)
at java.base/jdk.internal.reflect.DelegatingMethodAccessorImpl.invoke(DelegatingMethodAccessorImpl.java:43)
at java.base/java.lang.reflect.Method.invoke(Method.java:568)
at org.testng.internal.invokers.MethodInvocationHelper.invokeMethod(MethodInvocationHelper.java:139)
at org.testng.internal.invokers.TestInvoker.invokeMethod(TestInvoker.java:664)
at org.testng.internal.invokers.TestInvoker.invokeTestMethod(TestInvoker.java:227)
at org.testng.internal.invokers.MethodRunner.runInSequence(MethodRunner.java:50)
at org.testng.internal.invokers.TestInvoker$MethodInvocationAgent.invoke(TestInvoker.java:957)
at org.testng.internal.invokers.TestInvoker.invokeTestMethods(TestInvoker.java:200)
at org.testng.internal.invokers.TestMethodWorker.invokeTestMethods(TestMethodWorker.java:148)
at org.testng.internal.invokers.TestMethodWorker.run(TestMethodWorker.java:128)
at java.base/java.util.ArrayList.forEach(ArrayList.java:1511)
at org.testng.TestRunner.privateRun(TestRunner.java:848)
at org.testng.TestRunner.run(TestRunner.java:621)
at org.testng.SuiteRunner.runTest(SuiteRunner.java:443)
at org.testng.SuiteRunner.runSequentially(SuiteRunner.java:437)
at org.testng.SuiteRunner.privateRun(SuiteRunner.java:397)
at org.testng.SuiteRunner.run(SuiteRunner.java:336)
at org.testng.SuiteRunnerWorker.runSuite(SuiteRunnerWorker.java:52)
at org.testng.SuiteRunnerWorker.run(SuiteRunnerWorker.java:95)
at org.testng.TestNG.runSuitesSequentially(TestNG.java:1280)
at org.testng.TestNG.runSuitesLocally(TestNG.java:1200)
at org.testng.TestNG.runSuites(TestNG.java:1114)
at org.testng.TestNG.run(TestNG.java:1082)
at org.apache.maven.surefire.testng.TestNGExecutor.run(TestNGExecutor.java:308)
at org.apache.maven.surefire.testng.TestNGXmlTestSuite.execute(TestNGXmlTestSuite.java:71)
at org.apache.maven.surefire.testng.TestNGProvider.invoke(TestNGProvider.java:113)
at org.apache.maven.surefire.booter.ForkedBooter.runSuitesInProcess(ForkedBooter.java:385)
at org.apache.maven.surefire.booter.ForkedBooter.execute(ForkedBooter.java:162)
at org.apache.maven.surefire.booter.ForkedBooter.run(ForkedBooter.java:507)
at org.apache.maven.surefire.booter.ForkedBooter.main(ForkedBooter.java:495)
]]>
    </failure>
  </testcase> <!-- getRoleByLevelWithAuthorization -->
  <testcase classname="testcases.RoleFolder" name="getRoleByLevelWithInvalidRoleLevel" time="0.369"/>
</testsuite> <!-- testcases.RoleFolder -->
