<?xml version="1.0" encoding="UTF-8"?>
<!-- Generated by org.testng.reporters.JUnitReportReporter -->
<testsuite hostname="DESKTOP-BG83L86" failures="0" tests="12" name="testcases.RegularTaskFolder" time="4.480" errors="0" timestamp="2023-12-16T12:07:23 IST" skipped="0">
  <testcase classname="testcases.RegularTaskFolder" name="verifyAddRegularTaskWithoutAuthorization" time="0.026"/>
  <testcase classname="testcases.RegularTaskFolder" name="verifyGetAllRegularTaskForEmployeeWithoutAuthorization" time="0.017"/>
  <testcase classname="testcases.RegularTaskFolder" name="verifyUpdateRegularTaskWithoutAuthorization" time="0.027"/>
  <testcase classname="testcases.RegularTaskFolder" name="deleteSingleStatusWithoutAuthorization" time="0.019"/>
  <testcase classname="testcases.RegularTaskFolder" name="verifyAddRegularTaskWithAuthorization" time="0.877"/>
  <testcase classname="testcases.RegularTaskFolder" name="addRegularTaskWithSamePayloadAsPrevious" time="0.459"/>
  <testcase classname="testcases.RegularTaskFolder" name="addRegularTaskWithInvalidPayload" time="0.607"/>
  <testcase classname="testcases.RegularTaskFolder" name="verifyGetAllRegularTaskWithAuthorization" time="0.793"/>
  <testcase classname="testcases.RegularTaskFolder" name="verifyGetAllRegularTaskWithInvalidEmployeeId" time="0.439"/>
  <testcase classname="testcases.RegularTaskFolder" name="updateStatusWithoutGivingRegularTaskId" time="0.405"/>
  <testcase classname="testcases.RegularTaskFolder" name="updateStatusByGivingNonExistingRegularTaskId" time="0.401"/>
  <testcase classname="testcases.RegularTaskFolder" name="deleteSingleRegularTaskWithInvalidRegularTaskId" time="0.410"/>
</testsuite> <!-- testcases.RegularTaskFolder -->
