<?xml version="1.0" encoding="UTF-8"?>
<!-- Generated by org.testng.reporters.JUnitReportReporter -->
<testsuite hostname="DESKTOP-BG83L86" failures="0" tests="3" name="testcases.TaskModule" time="1.889" errors="0" timestamp="2023-11-30T15:31:28 IST" skipped="0">
  <testcase classname="testcases.TaskModule" name="addStatus" time="1.662"/>
  <testcase classname="testcases.TaskModule" name="addPriority" time="0.063"/>
  <testcase classname="testcases.TaskModule" name="getPriority" time="0.164"/>
</testsuite> <!-- testcases.TaskModule -->
