<?xml version="1.0" encoding="UTF-8"?>
<!-- Generated by org.testng.reporters.JUnitReportReporter -->
<testsuite hostname="DESKTOP-BG83L86" failures="0" tests="7" name="testcases.ProjectFolder" time="4.064" errors="0" timestamp="2023-12-15T11:05:20 IST" skipped="0">
  <testcase classname="testcases.ProjectFolder" name="verifyAddProjectWithoutAuthorization" time="1.100"/>
  <testcase classname="testcases.ProjectFolder" name="verifyGetAllProjectWithoutAuthorization" time="0.040"/>
  <testcase classname="testcases.ProjectFolder" name="verifyAddProjectWithAuthorization" time="0.577"/>
  <testcase classname="testcases.ProjectFolder" name="addProjectWithSamePayloadAsPrevious" time="0.418"/>
  <testcase classname="testcases.ProjectFolder" name="addProjectWithInvalidPayload" time="0.909"/>
  <testcase classname="testcases.ProjectFolder" name="addProjectWithoutGivingProjectStartDateInPayload" time="0.470"/>
  <testcase classname="testcases.ProjectFolder" name="verifyGetAllProjectWithAuthorization" time="0.550"/>
</testsuite> <!-- testcases.ProjectFolder -->
